[36m--[0m Using CATKIN_DEVEL_PREFIX: /home/traian/catkin_ws/devel/.private/services_pkg
[36m--[0m Using CMAKE_PREFIX_PATH: /home/traian/catkin_ws/devel;/opt/ros/noetic
[36m--[0m This workspace overlays: /home/traian/catkin_ws/devel;/opt/ros/noetic
[36m--[0m Found PythonInterp: /usr/bin/python3 (found suitable version "3.8.10", minimum required is "3")
[36m--[0m Using PYTHON_EXECUTABLE: /usr/bin/python3
[36m--[0m Using Debian Python package layout
[36m--[0m Using empy: /usr/lib/python3/dist-packages/em.py
[36m--[0m Using CATKIN_ENABLE_TESTING: ON
[36m--[0m Call enable_testing()
[36m--[0m Using CATKIN_TEST_RESULTS_DIR: /home/traian/catkin_ws/build/services_pkg/test_results
[36m--[0m Forcing gtest/gmock from source, though one was otherwise available.
[36m--[0m Found gtest sources under '/usr/src/googletest': gtests will be built
[36m--[0m Found gmock sources under '/usr/src/googletest': gmock will be built
[36m--[0m Found PythonInterp: /usr/bin/python3 (found version "3.8.10")
[36m--[0m Using Python nosetests: /usr/bin/nosetests3
[36m--[0m catkin 0.8.12
[36m--[0m BUILD_SHARED_LIBS is on
[36m--[0m Using these message generators: gencpp;geneus;genlisp;gennodejs;genpy
[31m[1mCMake Error[0m at /opt/ros/noetic/share/genmsg/cmake/genmsg-extras.cmake:151 (message):
  add_service_files() directory not found:
  /home/traian/catkin_ws/src/services_pkg/srv
[36mCall Stack (most recent call first):[0m
  CMakeLists.txt:52 (add_service_files)


[36m--[0m Configuring incomplete, errors occurred!
See also "/home/traian/catkin_ws/build/services_pkg/CMakeFiles/CMakeOutput.log".
See also "/home/traian/catkin_ws/build/services_pkg/CMakeFiles/CMakeError.log".
make: *** [Makefile:334: cmake_check_build_system] Error 1
